2025-08-24 12:20:49 INFO  Log:11 - Successfully launched the browser
2025-08-24 12:20:49 INFO  Log:11 - Started to verify broken links
2025-08-24 12:20:49 INFO  Log:11 - Verified broken links
2025-08-24 12:20:49 INFO  Log:11 - On login page
2025-08-24 12:20:49 INFO  Log:11 - Entered UserID
2025-08-24 12:20:49 INFO  Log:11 - Entered Password
2025-08-24 12:20:49 INFO  Log:11 - Clicked on log in button
2025-08-24 12:20:49 INFO  Log:11 - Landed on Homepage
2025-08-24 12:20:49 INFO  Log:11 - Screenshot captured successfully
2025-08-24 12:20:49 INFO  Log:11 - On homepage
2025-08-24 12:20:49 INFO  Log:11 - Successfully launched the browser
2025-08-24 12:20:49 INFO  Log:11 - Started to verify broken links
2025-08-24 12:20:49 INFO  Log:11 - Verified broken links
2025-08-24 12:20:49 INFO  Log:11 - On login page
2025-08-24 12:20:49 INFO  Log:11 - Entered UserID
2025-08-24 12:20:49 INFO  Log:11 - Entered Password
2025-08-24 12:20:49 INFO  Log:11 - Clicked on log in button
2025-08-24 12:20:49 INFO  Log:11 - Screenshot captured successfully
2025-08-24 12:20:49 ERROR Log:19 - Blank ID and Password
2025-08-24 12:20:49 INFO  Log:11 - Successfully launched the browser
2025-08-24 12:20:49 INFO  Log:11 - Started to verify broken links
2025-08-24 12:20:49 INFO  Log:11 - Verified broken links
2025-08-24 12:20:49 INFO  Log:11 - On login page
2025-08-24 12:20:49 INFO  Log:11 - Clicked on log in button
2025-08-24 12:20:49 INFO  Log:11 - Screenshot captured successfully
2025-08-24 12:20:49 ERROR Log:19 - Incorrect ID and Password
2025-08-25 19:18:58 INFO  Log:11 - Successfully launched the browser
2025-08-25 19:18:58 INFO  Log:11 - Started to verify broken links
2025-08-25 19:18:58 INFO  Log:11 - Verified broken links
2025-08-25 19:18:58 INFO  Log:11 - On login page
2025-08-25 19:18:58 INFO  Log:11 - Entered UserID
2025-08-25 19:18:58 INFO  Log:11 - Entered Password
2025-08-25 19:18:58 INFO  Log:11 - Clicked on log in button
2025-08-25 19:18:58 INFO  Log:11 - Landed on Homepage
2025-08-25 19:18:58 INFO  Log:11 - Screenshot captured successfully
2025-08-25 19:18:58 INFO  Log:11 - On homepage
2025-08-25 19:18:58 INFO  Log:11 - Successfully launched the browser
2025-08-25 19:18:58 INFO  Log:11 - Started to verify broken links
2025-08-25 19:18:58 INFO  Log:11 - Verified broken links
2025-08-25 19:18:58 INFO  Log:11 - On login page
2025-08-25 19:18:58 INFO  Log:11 - Entered UserID
2025-08-25 19:18:58 INFO  Log:11 - Entered Password
2025-08-25 19:18:58 INFO  Log:11 - Clicked on log in button
2025-08-25 19:18:58 INFO  Log:11 - Screenshot captured successfully
2025-08-25 19:18:58 ERROR Log:19 - Blank ID and Password
2025-08-25 19:18:58 INFO  Log:11 - Successfully launched the browser
2025-08-25 19:18:58 INFO  Log:11 - Started to verify broken links
2025-08-25 19:18:58 INFO  Log:11 - Verified broken links
2025-08-25 19:18:58 INFO  Log:11 - On login page
2025-08-25 19:18:58 INFO  Log:11 - Clicked on log in button
2025-08-25 19:18:59 INFO  Log:11 - Screenshot captured successfully
2025-08-25 19:18:59 ERROR Log:19 - Incorrect ID and Password
2025-08-25 19:26:13 INFO  Log:11 - Successfully launched the browser
2025-08-25 19:26:13 INFO  Log:11 - Started to verify broken links
2025-08-25 19:26:13 INFO  Log:11 - Verified broken links
2025-08-25 19:26:13 INFO  Log:11 - On login page
2025-08-25 19:26:13 INFO  Log:11 - Entered UserID
2025-08-25 19:26:13 INFO  Log:11 - Entered Password
2025-08-25 19:26:13 INFO  Log:11 - Clicked on log in button
2025-08-25 19:26:13 INFO  Log:11 - Landed on Homepage
2025-08-25 19:26:13 INFO  Log:11 - Screenshot captured successfully
2025-08-25 19:26:13 INFO  Log:11 - On homepage
2025-08-25 19:26:14 INFO  Log:11 - Successfully launched the browser
2025-08-25 19:26:14 INFO  Log:11 - Started to verify broken links
2025-08-25 19:26:14 INFO  Log:11 - Verified broken links
2025-08-25 19:26:14 INFO  Log:11 - On login page
2025-08-25 19:26:14 INFO  Log:11 - Entered UserID
2025-08-25 19:26:14 INFO  Log:11 - Entered Password
2025-08-25 19:26:14 INFO  Log:11 - Clicked on log in button
2025-08-25 19:26:14 INFO  Log:11 - Screenshot captured successfully
2025-08-25 19:26:14 ERROR Log:19 - Blank ID and Password
2025-08-25 19:26:14 INFO  Log:11 - Successfully launched the browser
2025-08-25 19:26:14 INFO  Log:11 - Started to verify broken links
2025-08-25 19:26:14 INFO  Log:11 - Verified broken links
2025-08-25 19:26:14 INFO  Log:11 - On login page
2025-08-25 19:26:14 INFO  Log:11 - Clicked on log in button
2025-08-25 19:26:15 INFO  Log:11 - Screenshot captured successfully
2025-08-25 19:26:15 ERROR Log:19 - Incorrect ID and Password
2025-09-20 16:24:31 INFO  Log:11 - Successfully launched the browser
2025-09-20 16:24:42 INFO  Log:11 - Successfully launched the browser
2025-09-20 16:24:53 INFO  Log:11 - Successfully launched the browser
2025-09-20 16:26:39 INFO  Log:11 - Successfully launched the browser
2025-09-20 16:26:50 INFO  Log:11 - Successfully launched the browser
2025-09-20 16:27:01 INFO  Log:11 - Successfully launched the browser
2025-09-20 16:29:49 INFO  Log:11 - Successfully launched the browser
2025-09-20 16:30:01 INFO  Log:11 - Successfully launched the browser
2025-09-20 16:32:11 INFO  Log:11 - Successfully launched the browser
2025-09-20 16:32:11 INFO  Log:11 - Started to verify broken links
2025-09-20 16:32:11 INFO  Log:11 - Verified broken links
2025-09-20 16:32:11 INFO  Log:11 - On login page
2025-09-20 16:32:11 INFO  Log:11 - Entered UserID
2025-09-20 16:32:11 INFO  Log:11 - Entered Password
2025-09-20 16:32:11 INFO  Log:11 - Clicked on log in button
2025-09-20 16:32:11 INFO  Log:11 - Landed on Homepage
2025-09-20 16:32:11 INFO  Log:11 - Screenshot captured successfully
2025-09-20 16:33:33 INFO  Log:11 - Successfully launched the browser
2025-09-20 16:33:33 INFO  Log:11 - Started to verify broken links
2025-09-20 16:33:33 INFO  Log:11 - Verified broken links
2025-09-20 16:33:33 INFO  Log:11 - On login page
2025-09-20 16:33:33 INFO  Log:11 - Entered UserID
2025-09-20 16:33:33 INFO  Log:11 - Entered Password
2025-09-20 16:33:33 INFO  Log:11 - Clicked on log in button
2025-09-20 16:33:33 INFO  Log:11 - Landed on Homepage
2025-09-20 16:33:33 INFO  Log:11 - Screenshot captured successfully
2025-09-20 16:33:38 INFO  Log:11 - Successfully launched the browser
2025-09-20 16:33:38 INFO  Log:11 - Started to verify broken links
2025-09-20 16:33:39 INFO  Log:11 - Successfully launched the browser
2025-09-20 16:33:39 INFO  Log:11 - Started to verify broken links
2025-09-20 16:42:35 INFO  Log:11 - Successfully launched the browser
2025-09-20 16:42:35 INFO  Log:11 - On login page
2025-09-20 16:42:35 INFO  Log:11 - Entered UserID
2025-09-20 16:42:35 INFO  Log:11 - Entered Password
2025-09-20 16:42:35 INFO  Log:11 - Clicked on log in button
2025-09-20 16:42:35 INFO  Log:11 - Landed on Homepage
2025-09-20 16:42:36 INFO  Log:11 - Screenshot captured successfully
2025-09-20 16:42:46 INFO  Log:11 - Successfully launched the browser
2025-09-20 16:42:46 INFO  Log:11 - On login page
2025-09-20 16:42:46 INFO  Log:11 - Entered UserID
2025-09-20 16:42:46 INFO  Log:11 - Entered Password
2025-09-20 16:42:46 INFO  Log:11 - Clicked on log in button
2025-09-20 16:42:46 INFO  Log:11 - Screenshot captured successfully
2025-09-20 16:42:46 ERROR Log:19 - Blank ID and Password
2025-09-20 16:42:46 INFO  Log:11 - Successfully launched the browser
2025-09-20 16:42:46 INFO  Log:11 - On login page
2025-09-20 16:42:46 INFO  Log:11 - Clicked on log in button
2025-09-20 16:42:46 INFO  Log:11 - Screenshot captured successfully
2025-09-20 16:42:46 ERROR Log:19 - Incorrect ID and Password
2025-09-20 16:43:30 INFO  Log:11 - Successfully launched the browser
2025-09-20 16:43:31 INFO  Log:11 - On login page
2025-09-20 16:43:31 INFO  Log:11 - Entered UserID
2025-09-20 16:43:31 INFO  Log:11 - Entered Password
2025-09-20 16:43:31 INFO  Log:11 - Clicked on log in button
2025-09-20 16:43:31 INFO  Log:11 - Landed on Homepage
2025-09-20 16:43:31 INFO  Log:11 - Screenshot captured successfully
2025-09-20 16:43:42 INFO  Log:11 - Successfully launched the browser
2025-09-20 16:43:42 INFO  Log:11 - On login page
2025-09-20 16:43:42 INFO  Log:11 - Entered UserID
2025-09-20 16:43:42 INFO  Log:11 - Entered Password
2025-09-20 16:43:42 INFO  Log:11 - Clicked on log in button
2025-09-20 16:43:42 INFO  Log:11 - Screenshot captured successfully
2025-09-20 16:43:42 ERROR Log:19 - Blank ID and Password
2025-09-20 16:43:42 INFO  Log:11 - Successfully launched the browser
2025-09-20 16:43:42 INFO  Log:11 - On login page
2025-09-20 16:43:42 INFO  Log:11 - Clicked on log in button
2025-09-20 16:43:42 INFO  Log:11 - Screenshot captured successfully
2025-09-20 16:43:42 ERROR Log:19 - Incorrect ID and Password
2025-09-20 16:56:27 INFO  Log:11 - Successfully launched the browser
2025-09-20 16:56:28 INFO  Log:11 - On login page
2025-09-20 16:56:28 INFO  Log:11 - Entered UserID
2025-09-20 16:56:28 INFO  Log:11 - Entered Password
2025-09-20 16:56:28 INFO  Log:11 - Clicked on log in button
2025-09-20 16:56:28 INFO  Log:11 - Landed on Homepage
2025-09-20 16:56:28 INFO  Log:11 - Screenshot captured successfully
2025-09-20 16:56:38 INFO  Log:11 - Successfully launched the browser
2025-09-20 16:56:38 INFO  Log:11 - On login page
2025-09-20 16:56:38 INFO  Log:11 - Entered UserID
2025-09-20 16:56:38 INFO  Log:11 - Entered Password
2025-09-20 16:56:38 INFO  Log:11 - Clicked on log in button
2025-09-20 16:56:38 INFO  Log:11 - Screenshot captured successfully
2025-09-20 16:56:38 ERROR Log:19 - Blank ID and Password
2025-09-20 16:56:38 INFO  Log:11 - Successfully launched the browser
2025-09-20 16:56:38 INFO  Log:11 - On login page
2025-09-20 16:56:38 INFO  Log:11 - Clicked on log in button
2025-09-20 16:56:38 INFO  Log:11 - Screenshot captured successfully
2025-09-20 16:56:38 ERROR Log:19 - Incorrect ID and Password
2025-09-20 17:02:37 INFO  Log:11 - Successfully launched the browser
2025-09-20 17:02:37 INFO  Log:11 - On login page
2025-09-20 17:02:37 INFO  Log:11 - Entered UserID
2025-09-20 17:02:37 INFO  Log:11 - Entered Password
2025-09-20 17:02:37 INFO  Log:11 - Clicked on log in button
2025-09-20 17:02:37 INFO  Log:11 - Landed on Homepage
2025-09-20 17:02:38 INFO  Log:11 - Screenshot captured successfully
2025-09-20 17:02:48 INFO  Log:11 - Successfully launched the browser
2025-09-20 17:02:48 INFO  Log:11 - On login page
2025-09-20 17:02:48 INFO  Log:11 - Entered UserID
2025-09-20 17:02:48 INFO  Log:11 - Entered Password
2025-09-20 17:02:48 INFO  Log:11 - Clicked on log in button
2025-09-20 17:02:48 INFO  Log:11 - Screenshot captured successfully
2025-09-20 17:02:48 ERROR Log:19 - Blank ID and Password
2025-09-20 17:02:48 INFO  Log:11 - Successfully launched the browser
2025-09-20 17:02:48 INFO  Log:11 - On login page
2025-09-20 17:02:48 INFO  Log:11 - Clicked on log in button
2025-09-20 17:02:49 INFO  Log:11 - Screenshot captured successfully
2025-09-20 17:02:49 ERROR Log:19 - Incorrect ID and Password
2025-09-20 17:51:45 INFO  Log:11 - Successfully launched the browser
2025-09-20 17:51:45 INFO  Log:11 - Entered UserID
2025-09-20 17:51:45 INFO  Log:11 - Successfully launched the browser
2025-09-20 17:51:45 INFO  Log:11 - Entered UserID
2025-09-20 17:51:45 INFO  Log:11 - Successfully launched the browser
2025-09-20 17:55:57 INFO  Log:11 - Successfully launched the browser
2025-09-20 17:55:57 INFO  Log:11 - Entered UserID
2025-09-20 17:55:57 INFO  Log:11 - Entered Password
2025-09-20 17:55:57 INFO  Log:11 - Successfully clicked on login button
2025-09-20 17:55:57 INFO  Log:11 - Landed on Homepage
2025-09-20 17:55:57 INFO  Log:11 - On homepage
2025-09-20 17:55:58 INFO  Log:11 - Screenshot captured successfully
2025-09-20 17:55:58 INFO  Log:11 - Successfully launched the browser
2025-09-20 17:55:58 INFO  Log:11 - Entered UserID
2025-09-20 17:55:58 INFO  Log:11 - Entered Password
2025-09-20 17:55:58 INFO  Log:11 - Successfully clicked on login button
2025-09-20 17:55:58 INFO  Log:11 - Verified Error message for Invalid UserId and Password
2025-09-20 17:55:58 INFO  Log:11 - Screenshot captured successfully
2025-09-20 17:55:58 INFO  Log:11 - Successfully launched the browser
2025-09-20 17:55:58 INFO  Log:11 - Successfully clicked on login button
2025-09-20 17:55:58 INFO  Log:11 - Successfully clicked on login button
2025-09-20 17:55:58 INFO  Log:11 - Screenshot captured successfully
2025-09-20 18:01:16 INFO  Log:11 - Successfully launched the browser
2025-09-20 18:01:16 INFO  Log:11 - Entered UserID
2025-09-20 18:01:16 INFO  Log:11 - Entered Password
2025-09-20 18:01:16 INFO  Log:11 - Successfully clicked on login button
2025-09-20 18:01:16 INFO  Log:11 - Landed on Homepage
2025-09-20 18:01:16 INFO  Log:11 - On homepage
2025-09-20 18:01:17 INFO  Log:11 - Screenshot captured successfully
2025-09-20 18:01:17 INFO  Log:11 - Successfully launched the browser
2025-09-20 18:01:17 INFO  Log:11 - Entered UserID
2025-09-20 18:01:17 INFO  Log:11 - Entered Password
2025-09-20 18:01:17 INFO  Log:11 - Successfully clicked on login button
2025-09-20 18:01:17 INFO  Log:11 - Verified Error message for Invalid UserId and Password
2025-09-20 18:01:17 INFO  Log:11 - Screenshot captured successfully
2025-09-20 18:01:17 INFO  Log:11 - Successfully launched the browser
2025-09-20 18:01:17 INFO  Log:11 - Successfully clicked on login button
2025-09-20 18:01:17 INFO  Log:11 - Verified Error message for Blank UserId and Password
2025-09-20 18:01:17 INFO  Log:11 - Screenshot captured successfully
